<?xml version="1.0" encoding="UTF-8"?>
<!-- Generated by org.testng.reporters.JUnitXMLReporter -->
<testsuite hostname="RajikaPC" ignored="0" name="HomePageTests" tests="2" failures="1" timestamp="23 Jan 2019 05:11:20 GMT" time="26.2" errors="0">
  <testcase name="verifyHomePageTitle" time="0.317" classname="com.ebay.homepage.testsOnHomepage">
    <failure type="java.lang.AssertionError" message="expected [abcefe] but found [Electronics, Cars, Fashion, Collectibles, Coupons and More | eBay]">
      <![CDATA[java.lang.AssertionError: expected [abcefe] but found [Electronics, Cars, Fashion, Collectibles, Coupons and More | eBay]
at com.ebay.homepage.testsOnHomepage.verifyHomePageTitle(testsOnHomepage.java:35)
... Removed 31 stack frames]]>
    </failure>
  </testcase> <!-- verifyHomePageTitle -->
  <testcase name="verifyNavigationBar" time="0.06" classname="com.ebay.homepage.testsOnHomepage"/>
</testsuite> <!-- HomePageTests -->
