<?xml version="1.0" encoding="UTF-8"?>
<testsuite xmlns:xsi="http://www.w3.org/2001/XMLSchema-instance" xsi:noNamespaceSchemaLocation="https://maven.apache.org/surefire/maven-surefire-plugin/xsd/surefire-test-report-3.0.xsd" version="3.0" name="TestSuite" time="90.826" tests="4" errors="0" skipped="0" failures="1">
  <properties>
[...]
</properties>
  <testcase name="verifyHomePageTitle" classname="com.ebay.homepage.TestsOnHomepage" time="0.285">
    <failure message="expected [abcefe] but found [Electronics, Cars, Fashion, Collectibles, Coupons and More | eBay]" type="java.lang.AssertionError">java.lang.AssertionError: expected [abcefe] but found [Electronics, Cars, Fashion, Collectibles, Coupons and More | eBay]
	at com.ebay.homepage.TestsOnHomepage.verifyHomePageTitle(TestsOnHomepage.java:32)
</failure>
    <system-out><![CDATA[FireFox
]]></system-out>
    <system-err><![CDATA[1548380973149	mozrunner::runner	INFO	Running command: "C:\\Program Files\\Mozilla Firefox\\firefox.exe" "-marionette" "-foreground" "-no-remote" "-profile" "C:\\Users\\Rajika\\AppData\\Local\\Temp\\rust_mozprofile.U0ZGktGor0KG"
1548380976270	addons.webextension.screenshots@mozilla.org	WARN	Loading extension 'screenshots@mozilla.org': Reading manifest: Invalid host permission: resource://pdf.js/
1548380976270	addons.webextension.screenshots@mozilla.org	WARN	Loading extension 'screenshots@mozilla.org': Reading manifest: Invalid host permission: about:reader*
1548380995244	Marionette	INFO	Listening on port 54474
[Child 9568, Chrome_ChildThread] WARNING: pipe error: 109: file z:/build/build/src/ipc/chromium/src/chrome/common/ipc_channel_win.cc, line 346
[Child 9568, Chrome_ChildThread] WARNING: pipe error: 109: file z:/build/build/src/ip1548380995416	Marionette	WARN	TLS certificate errors will be ignored for this session
Jan 25, 2019 12:49:56 PM org.openqa.selenium.remote.ProtocolHandshake createSession
INFO: Detected dialect: W3C
console.error: BroadcastService: 
  receivedBroadcastMessage: handler for
  remote-settings/monitor_changes
  threw error:
  Message: Error: Polling for changes failed: NetworkError when attempting to fetch resource..
  Stack:
    remoteSettingsFunction/remoteSettings.pollChanges@resource://services-settings/remote-settings.js:750:13

]]></system-err>
  </testcase>
  <testcase name="verifyNavigationBar" classname="com.ebay.homepage.TestsOnHomepage" time="0.129"/>
  <testcase name="login" classname="com.ebay.homepage.TestsOnLoginPage" time="14.034"/>
  <testcase name="login" classname="com.ebay.homepage.TestsOnLoginPage" time="10.839"/>
</testsuite>