<?xml version="1.0" encoding="UTF-8"?>
<!-- Generated by org.testng.reporters.JUnitXMLReporter -->
<testsuite hostname="RajikaPC" ignored="0" name="HomePageTests" tests="2" failures="1" timestamp="25 Jan 2019 01:50:10 GMT" time="41.352" errors="0">
  <testcase name="verifyHomePageTitle" time="0.268" classname="com.ebay.homepage.TestsOnHomepage">
    <failure type="java.lang.AssertionError" message="expected [abcefe] but found [Electronics, Cars, Fashion, Collectibles, Coupons and More | eBay]">
      <![CDATA[java.lang.AssertionError: expected [abcefe] but found [Electronics, Cars, Fashion, Collectibles, Coupons and More | eBay]
at com.ebay.homepage.TestsOnHomepage.verifyHomePageTitle(TestsOnHomepage.java:32)
... Removed 35 stack frames]]>
    </failure>
  </testcase> <!-- verifyHomePageTitle -->
  <testcase name="verifyNavigationBar" time="0.128" classname="com.ebay.homepage.TestsOnHomepage"/>
</testsuite> <!-- HomePageTests -->
